Specification.Build.Number
Specification.git_history.log
README.md
README.html
install.bat
sql.default.ps1
_____knownstate-onc.oproc.sql
____entry_criteria-onc.username.sql
____entry_criteria-pon.oms.sql
030_table.mod.CHED_PATCH_INFO-pon.oms.sql
040_table.create.PO_NOTIFICATION_PUBLISH-pon.oms.sql
100_view.PO_NOTIFICATION_PUBLISH-pon.oms.sql
130_pkg.CHED_UTILS-pon.oms.sql
OMS\sql_packages\OMS.CHED_UTILS.pks
OMS\sql_packages\OMS.CHED_UTILS.pkb
OMS\sql_packages\OMS.CHED_UTILS_perms.sql
140_pkg.PLANNED_OUTAGE-pon.oms.sql
OMS\sql_packages\OMS.PLANNED_OUTAGE.pks
OMS\sql_packages\OMS.PLANNED_OUTAGE.pkb
OMS\sql_packages\OMS.PLANNED_OUTAGE_perms.sql
OMS\sql_packages\OMS.PLANNED_OUTAGE_synonym.sql
